0 info it worked if it ends with ok
1 verbose cli [ 'C:\\Program Files\\nodejs\\node.exe',
1 verbose cli   'C:\\Program Files\\nodejs\\node_modules\\npm\\bin\\npm-cli.js',
1 verbose cli   'install',
1 verbose cli   '--save',
1 verbose cli   'react-dom' ]
2 info using npm@2.14.7
3 info using node@v4.2.2
4 verbose install initial load of D:\playground\imgur-clone\package.json
5 warn package.json react-starter@1.0.0 No repository field.
6 verbose installManyTop reading scoped package data from D:\playground\imgur-clone\node_modules\browserify\package.json
7 verbose installManyTop reading scoped package data from D:\playground\imgur-clone\node_modules\gulp\package.json
8 verbose installManyTop reading scoped package data from D:\playground\imgur-clone\node_modules\gulp-concat\package.json
9 verbose installManyTop reading scoped package data from D:\playground\imgur-clone\node_modules\gulp-react\package.json
10 verbose installManyTop reading scoped package data from D:\playground\imgur-clone\node_modules\gulp-sass\package.json
11 verbose installManyTop reading scoped package data from D:\playground\imgur-clone\node_modules\gulp-server-livereload\package.json
12 verbose installManyTop reading scoped package data from D:\playground\imgur-clone\node_modules\gulp-util\package.json
13 verbose installManyTop reading scoped package data from D:\playground\imgur-clone\node_modules\gulp-watch\package.json
14 verbose installManyTop reading scoped package data from D:\playground\imgur-clone\node_modules\node-notifier\package.json
15 verbose installManyTop reading scoped package data from D:\playground\imgur-clone\node_modules\react\package.json
16 verbose installManyTop reading scoped package data from D:\playground\imgur-clone\node_modules\react-router\package.json
17 verbose installManyTop reading scoped package data from D:\playground\imgur-clone\node_modules\reactify\package.json
18 verbose installManyTop reading scoped package data from D:\playground\imgur-clone\node_modules\vinyl-source-stream\package.json
19 verbose installManyTop reading scoped package data from D:\playground\imgur-clone\node_modules\watchify\package.json
20 verbose readDependencies loading dependencies from D:\playground\imgur-clone\package.json
21 silly cache add args [ 'react-dom', null ]
22 verbose cache add spec react-dom
23 silly cache add parsed spec Result {
23 silly cache add   raw: 'react-dom',
23 silly cache add   scope: null,
23 silly cache add   name: 'react-dom',
23 silly cache add   rawSpec: '',
23 silly cache add   spec: '*',
23 silly cache add   type: 'range' }
24 silly addNamed react-dom@*
25 verbose addNamed "*" is a valid semver range for react-dom
26 silly addNameRange { name: 'react-dom', range: '*', hasData: false }
27 silly mapToRegistry name react-dom
28 silly mapToRegistry using default registry
29 silly mapToRegistry registry https://registry.npmjs.org/
30 silly mapToRegistry uri https://registry.npmjs.org/react-dom
31 verbose addNameRange registry:https://registry.npmjs.org/react-dom not in flight; fetching
32 verbose request uri https://registry.npmjs.org/react-dom
33 verbose request no auth needed
34 info attempt registry request try #1 at 1:49:39 PM
35 verbose request id f49bdc32d91af8f9
36 verbose etag "D6KK8INWQQPX11XKXJ47SXCCQ"
37 http request GET https://registry.npmjs.org/react-dom
38 http 200 https://registry.npmjs.org/react-dom
39 verbose headers { server: 'CouchDB/1.5.0 (Erlang OTP/R16B03)',
39 verbose headers   etag: '"DMTU1BR7ZVIXAJBN7EJY3ZR4A"',
39 verbose headers   'content-type': 'application/json',
39 verbose headers   'cache-control': 'max-age=300',
39 verbose headers   'content-length': '11496',
39 verbose headers   'accept-ranges': 'bytes',
39 verbose headers   date: 'Sat, 19 Dec 2015 12:49:45 GMT',
39 verbose headers   via: '1.1 varnish',
39 verbose headers   age: '80',
39 verbose headers   connection: 'keep-alive',
39 verbose headers   'x-served-by': 'cache-fra1223-FRA',
39 verbose headers   'x-cache': 'HIT',
39 verbose headers   'x-cache-hits': '1',
39 verbose headers   'x-timer': 'S1450529385.415681,VS0,VE0',
39 verbose headers   vary: 'Accept' }
40 silly get cb [ 200,
40 silly get   { server: 'CouchDB/1.5.0 (Erlang OTP/R16B03)',
40 silly get     etag: '"DMTU1BR7ZVIXAJBN7EJY3ZR4A"',
40 silly get     'content-type': 'application/json',
40 silly get     'cache-control': 'max-age=300',
40 silly get     'content-length': '11496',
40 silly get     'accept-ranges': 'bytes',
40 silly get     date: 'Sat, 19 Dec 2015 12:49:45 GMT',
40 silly get     via: '1.1 varnish',
40 silly get     age: '80',
40 silly get     connection: 'keep-alive',
40 silly get     'x-served-by': 'cache-fra1223-FRA',
40 silly get     'x-cache': 'HIT',
40 silly get     'x-cache-hits': '1',
40 silly get     'x-timer': 'S1450529385.415681,VS0,VE0',
40 silly get     vary: 'Accept' } ]
41 verbose get saving react-dom to C:\Users\Milos\AppData\Roaming\npm-cache\registry.npmjs.org\react-dom\.cache.json
42 silly addNameRange number 2 { name: 'react-dom', range: '*', hasData: true }
43 silly addNameRange versions [ 'react-dom',
43 silly addNameRange   [ '0.1.0',
43 silly addNameRange     '0.14.0-beta1',
43 silly addNameRange     '0.14.0-beta2',
43 silly addNameRange     '0.14.0-beta3',
43 silly addNameRange     '0.14.0-rc1',
43 silly addNameRange     '0.14.0',
43 silly addNameRange     '0.14.1',
43 silly addNameRange     '0.14.2',
43 silly addNameRange     '0.14.3' ] ]
44 silly addNamed react-dom@0.14.3
45 verbose addNamed "0.14.3" is a plain semver version for react-dom
46 silly cache afterAdd react-dom@0.14.3
47 verbose afterAdd C:\Users\Milos\AppData\Roaming\npm-cache\react-dom\0.14.3\package\package.json not in flight; writing
48 verbose afterAdd C:\Users\Milos\AppData\Roaming\npm-cache\react-dom\0.14.3\package\package.json written
49 silly install resolved [ { name: 'react-dom',
49 silly install resolved     version: '0.14.3',
49 silly install resolved     description: 'React package for working with the DOM.',
49 silly install resolved     main: 'index.js',
49 silly install resolved     repository:
49 silly install resolved      { type: 'git',
49 silly install resolved        url: 'git+https://github.com/facebook/react.git' },
49 silly install resolved     keywords: [ 'react' ],
49 silly install resolved     license: 'BSD-3-Clause',
49 silly install resolved     bugs: { url: 'https://github.com/facebook/react/issues' },
49 silly install resolved     homepage: 'https://github.com/facebook/react/tree/master/npm-react-dom',
49 silly install resolved     peerDependencies: { react: '^0.14.3' },
49 silly install resolved     scripts: { start: 'node server.js' },
49 silly install resolved     _id: 'react-dom@0.14.3',
49 silly install resolved     _shasum: 'b3f0aeeed1a433b20c5458e34439a51916818628',
49 silly install resolved     _resolved: 'https://registry.npmjs.org/react-dom/-/react-dom-0.14.3.tgz',
49 silly install resolved     _from: 'react-dom@*',
49 silly install resolved     _npmVersion: '2.14.7',
49 silly install resolved     _nodeVersion: '4.2.2',
49 silly install resolved     _npmUser: { name: 'zpao', email: 'paul@oshannessy.com' },
49 silly install resolved     maintainers: [ [Object], [Object] ],
49 silly install resolved     dist:
49 silly install resolved      { shasum: 'b3f0aeeed1a433b20c5458e34439a51916818628',
49 silly install resolved        tarball: 'http://registry.npmjs.org/react-dom/-/react-dom-0.14.3.tgz' },
49 silly install resolved     directories: {},
49 silly install resolved     readme: 'ERROR: No README data found!' } ]
50 info install react-dom@0.14.3 into D:\playground\imgur-clone
51 info installOne react-dom@0.14.3
52 verbose installOne of react-dom to D:\playground\imgur-clone not in flight; installing
53 verbose lock using C:\Users\Milos\AppData\Roaming\npm-cache\_locks\react-dom-ff9521c622c8fc50.lock for D:\playground\imgur-clone\node_modules\react-dom
54 silly install write writing react-dom 0.14.3 to D:\playground\imgur-clone\node_modules\react-dom
55 verbose unbuild node_modules\react-dom
56 silly gentlyRm D:\playground\imgur-clone\node_modules\react-dom is being purged from base D:\playground\imgur-clone
57 verbose gentlyRm don't care about contents; nuking D:\playground\imgur-clone\node_modules\react-dom
58 verbose tar unpack C:\Users\Milos\AppData\Roaming\npm-cache\react-dom\0.14.3\package.tgz
59 verbose tar unpacking to D:\playground\imgur-clone\node_modules\react-dom
60 silly gentlyRm D:\playground\imgur-clone\node_modules\react-dom is being purged
61 verbose gentlyRm don't care about contents; nuking D:\playground\imgur-clone\node_modules\react-dom
62 silly gunzTarPerm modes [ '777', '666' ]
63 silly gunzTarPerm extractEntry package.json
64 silly gunzTarPerm modified mode [ 'package.json', 420, 438 ]
65 silly gunzTarPerm extractEntry README.md
66 silly gunzTarPerm modified mode [ 'README.md', 420, 438 ]
67 silly gunzTarPerm extractEntry LICENSE
68 silly gunzTarPerm modified mode [ 'LICENSE', 420, 438 ]
69 silly gunzTarPerm extractEntry index.js
70 silly gunzTarPerm modified mode [ 'index.js', 420, 438 ]
71 silly gunzTarPerm extractEntry server.js
72 silly gunzTarPerm modified mode [ 'server.js', 420, 438 ]
73 silly gunzTarPerm extractEntry PATENTS
74 silly gunzTarPerm modified mode [ 'PATENTS', 420, 438 ]
75 silly gunzTarPerm extractEntry dist/react-dom-server.js
76 silly gunzTarPerm modified mode [ 'dist/react-dom-server.js', 420, 438 ]
77 silly gunzTarPerm extractEntry dist/react-dom-server.min.js
78 silly gunzTarPerm modified mode [ 'dist/react-dom-server.min.js', 420, 438 ]
79 silly gunzTarPerm extractEntry dist/react-dom.js
80 silly gunzTarPerm modified mode [ 'dist/react-dom.js', 420, 438 ]
81 silly gunzTarPerm extractEntry dist/react-dom.min.js
82 silly gunzTarPerm modified mode [ 'dist/react-dom.min.js', 420, 438 ]
83 verbose write writing to D:\playground\imgur-clone\node_modules\react-dom\package.json
84 info preinstall react-dom@0.14.3
85 verbose readDependencies loading dependencies from D:\playground\imgur-clone\node_modules\react-dom\package.json
86 silly prepareForInstallMany adding react@^0.14.3 from react-dom peerDependencies
87 warn peerDependencies The peer dependency react@^0.14.3 included from react-dom will no
88 warn peerDependencies longer be automatically installed to fulfill the peerDependency
89 warn peerDependencies in npm 3+. Your application will need to depend on it explicitly.
90 verbose readDependencies loading dependencies from D:\playground\imgur-clone\node_modules\react-dom\package.json
91 silly install resolved []
92 verbose about to build D:\playground\imgur-clone\node_modules\react-dom
93 info build D:\playground\imgur-clone\node_modules\react-dom
94 info linkStuff react-dom@0.14.3
95 silly linkStuff react-dom@0.14.3 has D:\playground\imgur-clone\node_modules as its parent node_modules
96 verbose linkBins react-dom@0.14.3
97 verbose linkMans react-dom@0.14.3
98 verbose rebuildBundles react-dom@0.14.3
99 info install react-dom@0.14.3
100 info postinstall react-dom@0.14.3
101 verbose readDependencies loading dependencies from D:\playground\imgur-clone\package.json
102 verbose targetResolver reading package data from D:\playground\imgur-clone\node_modules\browserify\package.json
103 verbose targetResolver reading package data from D:\playground\imgur-clone\node_modules\gulp\package.json
104 verbose targetResolver reading package data from D:\playground\imgur-clone\node_modules\gulp-concat\package.json
105 verbose targetResolver reading package data from D:\playground\imgur-clone\node_modules\gulp-react\package.json
106 verbose targetResolver reading package data from D:\playground\imgur-clone\node_modules\gulp-sass\package.json
107 verbose targetResolver reading package data from D:\playground\imgur-clone\node_modules\gulp-server-livereload\package.json
108 verbose targetResolver reading package data from D:\playground\imgur-clone\node_modules\gulp-util\package.json
109 verbose targetResolver reading package data from D:\playground\imgur-clone\node_modules\gulp-watch\package.json
110 verbose targetResolver reading package data from D:\playground\imgur-clone\node_modules\node-notifier\package.json
111 verbose targetResolver reading package data from D:\playground\imgur-clone\node_modules\react\package.json
112 verbose targetResolver reading package data from D:\playground\imgur-clone\node_modules\react-dom\package.json
113 verbose targetResolver reading package data from D:\playground\imgur-clone\node_modules\react-router\package.json
114 verbose targetResolver reading package data from D:\playground\imgur-clone\node_modules\reactify\package.json
115 verbose targetResolver reading package data from D:\playground\imgur-clone\node_modules\vinyl-source-stream\package.json
116 verbose targetResolver reading package data from D:\playground\imgur-clone\node_modules\watchify\package.json
117 verbose targetResolver reading package data from D:\playground\imgur-clone\node_modules\.bin\browserify\package.json
118 verbose targetResolver reading package data from D:\playground\imgur-clone\node_modules\.bin\browserify.cmd\package.json
119 verbose targetResolver reading package data from D:\playground\imgur-clone\node_modules\.bin\gulp\package.json
120 verbose targetResolver reading package data from D:\playground\imgur-clone\node_modules\.bin\gulp.cmd\package.json
121 verbose targetResolver reading package data from D:\playground\imgur-clone\node_modules\.bin\livereload\package.json
122 verbose targetResolver reading package data from D:\playground\imgur-clone\node_modules\.bin\livereload.cmd\package.json
123 verbose targetResolver reading package data from D:\playground\imgur-clone\node_modules\.bin\notify\package.json
124 verbose targetResolver reading package data from D:\playground\imgur-clone\node_modules\.bin\notify.cmd\package.json
125 verbose targetResolver reading package data from D:\playground\imgur-clone\node_modules\.bin\watchify\package.json
126 verbose targetResolver reading package data from D:\playground\imgur-clone\node_modules\.bin\watchify.cmd\package.json
127 verbose already installed skipping react@^0.14.3 D:\playground\imgur-clone
128 silly install resolved []
129 verbose unlock done using C:\Users\Milos\AppData\Roaming\npm-cache\_locks\react-dom-ff9521c622c8fc50.lock for D:\playground\imgur-clone\node_modules\react-dom
130 verbose validateInstall loading D:\playground\imgur-clone\package.json for validation
131 verbose stack Error: The package react@0.13.3 does not satisfy its siblings' peerDependencies requirements!
131 verbose stack     at C:\Program Files\nodejs\node_modules\npm\lib\install.js:125:32
131 verbose stack     at C:\Program Files\nodejs\node_modules\npm\lib\install.js:268:7
131 verbose stack     at C:\Program Files\nodejs\node_modules\npm\node_modules\read-installed\read-installed.js:142:5
131 verbose stack     at C:\Program Files\nodejs\node_modules\npm\node_modules\read-installed\read-installed.js:263:14
131 verbose stack     at cb (C:\Program Files\nodejs\node_modules\npm\node_modules\slide\lib\async-map.js:47:24)
131 verbose stack     at C:\Program Files\nodejs\node_modules\npm\node_modules\read-installed\read-installed.js:263:14
131 verbose stack     at cb (C:\Program Files\nodejs\node_modules\npm\node_modules\slide\lib\async-map.js:47:24)
131 verbose stack     at C:\Program Files\nodejs\node_modules\npm\node_modules\read-installed\read-installed.js:263:14
131 verbose stack     at cb (C:\Program Files\nodejs\node_modules\npm\node_modules\slide\lib\async-map.js:47:24)
131 verbose stack     at C:\Program Files\nodejs\node_modules\npm\node_modules\read-installed\read-installed.js:263:14
132 verbose cwd D:\playground\imgur-clone
133 error Windows_NT 6.1.7601
134 error argv "C:\\Program Files\\nodejs\\node.exe" "C:\\Program Files\\nodejs\\node_modules\\npm\\bin\\npm-cli.js" "install" "--save" "react-dom"
135 error node v4.2.2
136 error npm  v2.14.7
137 error code EPEERINVALID
138 error peerinvalid The package react@0.13.3 does not satisfy its siblings' peerDependencies requirements!
138 error peerinvalid Peer react-router@1.0.0-beta2 wants react@0.13.x
138 error peerinvalid Peer react-dom@0.14.3 wants react@^0.14.3
139 verbose exit [ 1, true ]
